\BOOKMARK [0][-]{section*.2}{\376\377\000A\000c\000k\000n\000o\000w\000l\000e\000d\000g\000e\000m\000e\000n\000t\000s}{}% 1
\BOOKMARK [0][-]{section*.4}{\376\377\000R\000e\000l\000e\000v\000a\000n\000t\000\040\000P\000u\000b\000l\000i\000c\000a\000t\000i\000o\000n\000s}{}% 2
\BOOKMARK [0][-]{section*.12}{\376\377\000L\000i\000s\000t\000\040\000o\000f\000\040\000A\000b\000b\000r\000e\000v\000i\000a\000t\000i\000o\000n\000s}{}% 3
\BOOKMARK [0][-]{chapter*.13}{\376\377\000A\000b\000s\000t\000r\000a\000c\000t}{}% 4
\BOOKMARK [0][-]{chapter.14}{\376\377\000I\000n\000t\000r\000o\000d\000u\000c\000t\000i\000o\000n}{}% 5
\BOOKMARK [1][-]{section.15}{\376\377\000A\000i\000m\000s\000\040\000a\000n\000d\000\040\000A\000p\000p\000r\000o\000a\000c\000h\000e\000s}{chapter.14}% 6
\BOOKMARK [1][-]{section.19}{\376\377\000S\000i\000g\000n\000i\000f\000i\000c\000a\000n\000t\000\040\000C\000o\000n\000t\000r\000i\000b\000u\000t\000i\000o\000n\000s}{chapter.14}% 7
\BOOKMARK [1][-]{section.20}{\376\377\000S\000t\000r\000u\000c\000t\000u\000r\000e\000\040\000o\000f\000\040\000t\000h\000i\000s\000\040\000T\000h\000e\000s\000i\000s}{chapter.14}% 8
\BOOKMARK [0][-]{chapter.21}{\376\377\000B\000a\000c\000k\000g\000r\000o\000u\000n\000d}{}% 9
\BOOKMARK [1][-]{section.22}{\376\377\000E\000s\000s\000e\000n\000t\000i\000a\000l\000\040\000M\000a\000t\000h\000e\000m\000a\000t\000i\000c\000a\000l\000\040\000B\000a\000c\000k\000g\000r\000o\000u\000n\000d\000s}{chapter.21}% 10
\BOOKMARK [2][-]{subsection.23}{\376\377\000G\000a\000u\000s\000s\000i\000a\000n\000\040\000a\000n\000d\000\040\000S\000u\000b\000-\000G\000a\000u\000s\000s\000i\000a\000n\000\040\000R\000a\000n\000d\000o\000m\000\040\000V\000a\000r\000i\000a\000b\000l\000e\000s}{section.22}% 11
\BOOKMARK [3][-]{subsubsection.24}{\376\377\000G\000a\000u\000s\000s\000i\000a\000n\000\040\000R\000a\000n\000d\000o\000m\000\040\000V\000a\000r\000i\000a\000b\000l\000e\000s}{subsection.23}% 12
\BOOKMARK [3][-]{subsubsection.25}{\376\377\000S\000u\000b\000-\000G\000a\000u\000s\000s\000i\000a\000n\000\040\000R\000a\000n\000d\000o\000m\000\040\000V\000a\000r\000i\000a\000b\000l\000e\000s}{subsection.23}% 13
\BOOKMARK [2][-]{subsection.26}{\376\377\000G\000a\000u\000s\000s\000i\000a\000n\000\040\000P\000r\000o\000c\000e\000s\000s}{section.22}% 14
\BOOKMARK [2][-]{subsection.27}{\376\377\000K\000e\000r\000n\000e\000l\000s}{section.22}% 15
\BOOKMARK [2][-]{subsection.31}{\376\377\000M\000a\000x\000i\000m\000u\000m\000\040\000I\000n\000f\000o\000r\000m\000a\000t\000i\000o\000n\000\040\000G\000a\000i\000n}{section.22}% 16
\BOOKMARK [3][-]{subsubsection.32}{\376\377\000E\000n\000t\000r\000o\000p\000y}{subsection.31}% 17
\BOOKMARK [3][-]{subsubsection.33}{\376\377\000I\000n\000f\000o\000r\000m\000a\000t\000i\000o\000n\000\040\000G\000a\000i\000n}{subsection.31}% 18
\BOOKMARK [3][-]{subsubsection.34}{\376\377\000M\000a\000x\000i\000m\000u\000m\000\040\000I\000n\000f\000o\000r\000m\000a\000t\000i\000o\000n\000\040\000G\000a\000i\000n\000\040\000i\000n\000\040\000G\000P\000\040\000r\000e\000g\000r\000e\000s\000s\000i\000o\000n}{subsection.31}% 19
\BOOKMARK [2][-]{subsection.35}{\376\377\000R\000e\000p\000r\000o\000d\000u\000c\000i\000n\000g\000\040\000K\000e\000r\000n\000e\000l\000\040\000H\000i\000l\000b\000e\000r\000t\000\040\000S\000p\000a\000c\000e\000\040\000\050\000R\000K\000H\000S\000\051}{section.22}% 20
\BOOKMARK [3][-]{subsubsection.36}{\376\377\000H\000i\000l\000b\000e\000r\000t\000\040\000S\000p\000a\000c\000e\000s\000\040\000a\000n\000d\000\040\000I\000n\000n\000e\000r\000\040\000P\000r\000o\000d\000u\000c\000t\000s}{subsection.35}% 21
\BOOKMARK [3][-]{subsubsection.37}{\376\377\000K\000e\000r\000n\000e\000l\000\040\000F\000u\000n\000c\000t\000i\000o\000n\000s\000\040\000a\000n\000d\000\040\000P\000o\000s\000i\000t\000i\000v\000e\000\040\000D\000e\000f\000i\000n\000i\000t\000e\000n\000e\000s\000s}{subsection.35}% 22
\BOOKMARK [3][-]{subsubsection.38}{\376\377\000C\000o\000n\000s\000t\000r\000u\000c\000t\000i\000n\000g\000\040\000R\000K\000H\000S\000:\000\040\000T\000h\000e\000\040\000M\000o\000o\000r\000e\000-\000A\000r\000o\000n\000s\000z\000a\000j\000n\000\040\000T\000h\000e\000o\000r\000e\000m}{subsection.35}% 23
\BOOKMARK [3][-]{subsubsection.43}{\376\377\000I\000n\000n\000e\000r\000\040\000P\000r\000o\000d\000u\000c\000t\000\040\000a\000n\000d\000\040\000N\000o\000r\000m\000\040\000i\000n\000\040\000R\000K\000H\000S}{subsection.35}% 24
\BOOKMARK [3][-]{subsubsection.44}{\376\377\000R\000e\000p\000r\000o\000d\000u\000c\000i\000n\000g\000\040\000P\000r\000o\000p\000e\000r\000t\000y\000\040\000a\000n\000d\000\040\000P\000o\000i\000n\000t\000-\000w\000i\000s\000e\000\040\000E\000v\000a\000l\000u\000a\000t\000i\000o\000n}{subsection.35}% 25
\BOOKMARK [3][-]{subsubsection.45}{\376\377\000R\000e\000p\000r\000e\000s\000e\000n\000t\000e\000r\000\040\000T\000h\000e\000o\000r\000e\000m}{subsection.35}% 26
\BOOKMARK [3][-]{subsubsection.46}{\376\377\000R\000e\000g\000u\000l\000a\000r\000i\000z\000a\000t\000i\000o\000n\000\040\000a\000n\000d\000\040\000S\000m\000o\000o\000t\000h\000n\000e\000s\000s\000\040\000i\000n\000\040\000R\000K\000H\000S}{subsection.35}% 27
\BOOKMARK [3][-]{subsubsection.47}{\376\377\000E\000x\000a\000m\000p\000l\000e\000s\000\040\000o\000f\000\040\000K\000e\000r\000n\000e\000l\000s\000\040\000a\000n\000d\000\040\000C\000o\000r\000r\000e\000s\000p\000o\000n\000d\000i\000n\000g\000\040\000R\000K\000H\000S}{subsection.35}% 28
\BOOKMARK [1][-]{section.48}{\376\377\000I\000n\000t\000r\000o\000d\000u\000c\000t\000i\000o\000n\000\040\000t\000o\000\040\000O\000p\000t\000i\000m\000i\000z\000a\000t\000i\000o\000n}{chapter.21}% 29
\BOOKMARK [2][-]{subsection.49}{\376\377\000G\000r\000a\000d\000i\000e\000n\000t\000-\000B\000a\000s\000e\000d\000\040\000O\000p\000t\000i\000m\000i\000z\000a\000t\000i\000o\000n}{section.48}% 30
\BOOKMARK [3][-]{subsubsection.51}{\376\377\000G\000r\000a\000d\000i\000e\000n\000t\000\040\000D\000e\000s\000c\000e\000n\000t}{subsection.49}% 31
\BOOKMARK [3][-]{subsubsection.52}{\376\377\000M\000o\000m\000e\000n\000t\000u\000m}{subsection.49}% 32
\BOOKMARK [3][-]{subsubsection.53}{\376\377\000A\000d\000a\000p\000t\000i\000v\000e\000\040\000L\000e\000a\000r\000n\000i\000n\000g\000\040\000R\000a\000t\000e\000\040\000A\000l\000g\000o\000r\000i\000t\000h\000m\000s}{subsection.49}% 33
\BOOKMARK [3][-]{subsubsection.57}{\376\377\000C\000o\000n\000j\000u\000g\000a\000t\000e\000\040\000G\000r\000a\000d\000i\000e\000n\000t}{subsection.49}% 34
\BOOKMARK [3][-]{subsubsection.58}{\376\377\000N\000e\000w\000t\000o\000n\000'\000s\000\040\000M\000e\000t\000h\000o\000d}{subsection.49}% 35
\BOOKMARK [3][-]{subsubsection.59}{\376\377\000Q\000u\000a\000s\000i\000-\000N\000e\000w\000t\000o\000n\000\040\000M\000e\000t\000h\000o\000d\000s\000\040\000\050\000B\000F\000G\000S\000,\000\040\000L\000-\000B\000F\000G\000S\000\051}{subsection.49}% 36
\BOOKMARK [2][-]{subsection.60}{\376\377\000D\000e\000r\000i\000v\000a\000t\000i\000v\000e\000-\000F\000r\000e\000e\000\040\000O\000p\000t\000i\000m\000i\000z\000a\000t\000i\000o\000n}{section.48}% 37
\BOOKMARK [3][-]{subsubsection.61}{\376\377\000N\000e\000l\000d\000e\000r\000-\000M\000e\000a\000d\000\040\000M\000e\000t\000h\000o\000d}{subsection.60}% 38
\BOOKMARK [3][-]{subsubsection.62}{\376\377\000G\000e\000n\000e\000t\000i\000c\000\040\000A\000l\000g\000o\000r\000i\000t\000h\000m\000\040\000\050\000G\000A\000\051}{subsection.60}% 39
\BOOKMARK [3][-]{subsubsection.63}{\376\377\000S\000i\000m\000u\000l\000a\000t\000e\000d\000\040\000A\000n\000n\000e\000a\000l\000i\000n\000g\000\040\000\050\000S\000A\000\051}{subsection.60}% 40
\BOOKMARK [3][-]{subsubsection.64}{\376\377\000C\000o\000v\000a\000r\000i\000a\000n\000c\000e\000\040\000M\000a\000t\000r\000i\000x\000\040\000A\000d\000a\000p\000t\000a\000t\000i\000o\000n\000\040\000E\000v\000o\000l\000u\000t\000i\000o\000n\000\040\000S\000t\000r\000a\000t\000e\000g\000y\000\040\000\050\000C\000M\000A\000-\000E\000S\000\051}{subsection.60}% 41
\BOOKMARK [1][-]{section.65}{\376\377\000B\000l\000a\000c\000k\000-\000b\000o\000x\000\040\000O\000p\000t\000i\000m\000i\000z\000a\000t\000i\000o\000n}{chapter.21}% 42
\BOOKMARK [2][-]{subsection.66}{\376\377\000I\000n\000t\000r\000o\000d\000u\000c\000t\000i\000o\000n\000\040\000t\000o\000\040\000B\000l\000a\000c\000k\000-\000b\000o\000x\000\040\000O\000p\000t\000i\000m\000i\000z\000a\000t\000i\000o\000n}{section.65}% 43
\BOOKMARK [2][-]{subsection.68}{\376\377\000S\000u\000r\000r\000o\000g\000a\000t\000e\000s\000\040\000M\000o\000d\000e\000l\000s}{section.65}% 44
\BOOKMARK [3][-]{subsubsection.69}{\376\377\000G\000a\000u\000s\000s\000i\000a\000n\000\040\000P\000r\000o\000c\000e\000s\000s\000e\000s}{subsection.68}% 45
\BOOKMARK [3][-]{subsubsection.70}{\376\377\000R\000a\000n\000d\000o\000m\000\040\000F\000o\000r\000e\000s\000t}{subsection.68}% 46
\BOOKMARK [3][-]{subsubsection.71}{\376\377\000D\000e\000e\000p\000\040\000N\000e\000u\000r\000a\000l\000\040\000N\000e\000t\000w\000o\000r\000k\000\040\000a\000n\000d\000\040\000N\000e\000u\000r\000a\000l\000\040\000T\000a\000n\000g\000e\000n\000t\000\040\000K\000e\000r\000n\000e\000l}{subsection.68}% 47
\BOOKMARK [2][-]{subsection.72}{\376\377\000U\000t\000i\000l\000i\000t\000y\000-\000B\000a\000s\000e\000d\000\040\000A\000c\000q\000u\000i\000s\000i\000t\000i\000o\000n\000\040\000F\000u\000n\000c\000t\000i\000o\000n\000s}{section.65}% 48
\BOOKMARK [3][-]{subsubsection.73}{\376\377\000P\000r\000o\000b\000a\000b\000i\000l\000i\000t\000y\000\040\000o\000f\000\040\000I\000m\000p\000r\000o\000v\000e\000m\000e\000n\000t}{subsection.72}% 49
\BOOKMARK [3][-]{subsubsection.74}{\376\377\000E\000x\000p\000e\000c\000t\000e\000d\000\040\000I\000m\000p\000r\000o\000v\000e\000m\000e\000n\000t}{subsection.72}% 50
\BOOKMARK [3][-]{subsubsection.75}{\376\377\000U\000p\000p\000e\000r\000\040\000C\000o\000n\000f\000i\000d\000e\000n\000c\000e\000\040\000B\000o\000u\000n\000d}{subsection.72}% 51
\BOOKMARK [3][-]{subsubsection.76}{\376\377\000T\000h\000o\000m\000p\000s\000o\000n\000\040\000S\000a\000m\000p\000l\000i\000n\000g}{subsection.72}% 52
\BOOKMARK [2][-]{subsection.79}{\376\377\000I\000n\000f\000o\000r\000m\000a\000t\000i\000o\000n\000-\000T\000h\000e\000o\000r\000e\000t\000i\000c\000\040\000A\000c\000q\000u\000i\000s\000i\000t\000i\000o\000n\000\040\000F\000u\000n\000c\000t\000i\000o\000n\000s}{section.65}% 53
\BOOKMARK [3][-]{subsubsection.80}{\376\377\000E\000n\000t\000r\000o\000p\000y\000\040\000S\000e\000a\000r\000c\000h}{subsection.79}% 54
\BOOKMARK [3][-]{subsubsection.81}{\376\377\000P\000r\000e\000d\000i\000c\000t\000i\000v\000e\000\040\000E\000n\000t\000r\000o\000p\000y\000\040\000S\000e\000a\000r\000c\000h}{subsection.79}% 55
\BOOKMARK [3][-]{subsubsection.82}{\376\377\000M\000a\000x\000-\000v\000a\000l\000u\000e\000\040\000E\000n\000t\000r\000o\000p\000y\000\040\000S\000e\000a\000r\000c\000h}{subsection.79}% 56
\BOOKMARK [3][-]{subsubsection.83}{\376\377\000K\000n\000o\000w\000l\000e\000d\000g\000e\000\040\000G\000r\000a\000d\000i\000e\000n\000t}{subsection.79}% 57
\BOOKMARK [2][-]{subsection.84}{\376\377\000B\000a\000n\000d\000i\000t\000-\000b\000a\000s\000e\000d\000\040\000O\000p\000t\000i\000m\000i\000z\000a\000t\000i\000o\000n}{section.65}% 58
\BOOKMARK [3][-]{subsubsection.85}{\376\377\000M\000u\000l\000t\000i\000-\000a\000r\000m\000e\000d\000\040\000B\000a\000n\000d\000i\000t\000s}{subsection.84}% 59
\BOOKMARK [3][-]{subsubsection.87}{\376\377\000A\000l\000g\000o\000r\000i\000t\000h\000m\000s\000\040\000f\000o\000r\000\040\000M\000A\000B}{subsection.84}% 60
\BOOKMARK [3][-]{subsubsection.91}{\376\377\000C\000o\000n\000t\000e\000x\000t\000u\000a\000l\000\040\000B\000a\000n\000d\000i\000t\000s}{subsection.84}% 61
\BOOKMARK [3][-]{subsubsection.99}{\376\377\000L\000i\000n\000e\000a\000r\000\040\000B\000a\000n\000d\000i\000t\000s}{subsection.84}% 62
\BOOKMARK [3][-]{subsubsection.116}{\376\377\000N\000o\000n\000-\000L\000i\000n\000e\000a\000r\000\040\000B\000a\000n\000d\000i\000t\000s}{subsection.84}% 63
\BOOKMARK [3][-]{subsubsection.134}{\376\377\000T\000h\000e\000\040\000C\000o\000n\000n\000e\000c\000t\000i\000o\000n\000\040\000B\000e\000t\000w\000e\000e\000n\000\040\000B\000a\000n\000d\000i\000t\000-\000b\000a\000s\000e\000d\000\040\000O\000p\000t\000i\000m\000i\000z\000a\000t\000i\000o\000n\000\040\000a\000n\000d\000\040\000B\000l\000a\000c\000k\000-\000b\000o\000x\000\040\000O\000p\000t\000i\000m\000i\000z\000a\000t\000i\000o\000n}{subsection.84}% 64
\BOOKMARK [2][-]{subsection.135}{\376\377\000P\000e\000r\000f\000o\000r\000m\000a\000n\000c\000e\000\040\000M\000e\000t\000r\000i\000c\000s\000\040\000i\000n\000\040\000B\000l\000a\000c\000k\000-\000b\000o\000x\000\040\000O\000p\000t\000i\000m\000i\000z\000a\000t\000i\000o\000n}{section.65}% 65
\BOOKMARK [3][-]{subsubsection.136}{\376\377\000S\000i\000m\000p\000l\000e\000\040\000R\000e\000g\000r\000e\000t}{subsection.135}% 66
\BOOKMARK [3][-]{subsubsection.137}{\376\377\000C\000u\000m\000u\000l\000a\000t\000i\000v\000e\000\040\000R\000e\000g\000r\000e\000t}{subsection.135}% 67
\BOOKMARK [3][-]{subsubsection.138}{\376\377\000C\000o\000m\000p\000a\000r\000i\000s\000o\000n\000\040\000a\000n\000d\000\040\000R\000e\000l\000e\000v\000a\000n\000c\000e}{subsection.135}% 68
\BOOKMARK [1][-]{section.139}{\376\377\000B\000l\000a\000c\000k\000-\000b\000o\000x\000\040\000O\000p\000t\000i\000m\000i\000z\000a\000t\000i\000o\000n\000\040\000w\000i\000t\000h\000\040\000U\000n\000k\000n\000o\000w\000n\000\040\000B\000l\000a\000c\000k\000-\000b\000o\000x\000\040\000C\000o\000n\000s\000t\000r\000a\000i\000n\000t\000s}{chapter.21}% 69
\BOOKMARK [1][-]{section.141}{\376\377\000B\000l\000a\000c\000k\000-\000b\000o\000x\000\040\000O\000p\000t\000i\000m\000i\000z\000a\000t\000i\000o\000n\000\040\000w\000i\000t\000h\000\040\000P\000h\000y\000s\000i\000c\000a\000l\000\040\000I\000n\000f\000o\000r\000m\000a\000t\000i\000o\000n}{chapter.21}% 70
\BOOKMARK [1][-]{section.142}{\376\377\000O\000p\000e\000n\000\040\000P\000r\000o\000b\000l\000e\000m\000s\000\040\000i\000n\000\040\000B\000l\000a\000c\000k\000-\000b\000o\000x\000\040\000O\000p\000t\000i\000m\000i\000z\000a\000t\000i\000o\000n}{chapter.21}% 71
\BOOKMARK [0][-]{chapter.143}{\376\377\000B\000l\000a\000c\000k\000-\000b\000o\000x\000\040\000O\000p\000t\000i\000m\000i\000z\000a\000t\000i\000o\000n\000\040\000A\000l\000g\000o\000r\000i\000t\000h\000m\000\040\000u\000s\000i\000n\000g\000\040\000D\000e\000e\000p\000\040\000N\000e\000u\000r\000a\000l\000\040\000N\000e\000t\000w\000o\000r\000k\000s}{}% 72
\BOOKMARK [1][-]{section.144}{\376\377\000P\000r\000o\000b\000l\000e\000m\000\040\000S\000e\000t\000t\000i\000n\000g}{chapter.143}% 73
\BOOKMARK [1][-]{section.145}{\376\377\000P\000r\000o\000p\000o\000s\000e\000d\000\040\000N\000e\000u\000r\000a\000l\000-\000B\000O\000\040\000M\000e\000t\000h\000o\000d}{chapter.143}% 74
\BOOKMARK [1][-]{section.149}{\376\377\000T\000h\000e\000o\000r\000e\000t\000i\000c\000a\000l\000\040\000A\000n\000a\000l\000y\000s\000i\000s}{chapter.143}% 75
\BOOKMARK [1][-]{section.162}{\376\377\000P\000r\000o\000o\000f\000\040\000S\000k\000e\000t\000c\000h\000\040\000o\000f\000\040\000t\000h\000e\000\040\000M\000a\000i\000n\000\040\000T\000h\000e\000o\000r\000e\000m}{chapter.143}% 76
\BOOKMARK [1][-]{section.164}{\376\377\000E\000x\000p\000e\000r\000i\000m\000e\000n\000t\000s}{chapter.143}% 77
\BOOKMARK [2][-]{subsection.165}{\376\377\000E\000x\000p\000e\000r\000i\000m\000e\000n\000t\000a\000l\000\040\000S\000e\000t\000u\000p}{section.164}% 78
\BOOKMARK [2][-]{subsection.170}{\376\377\000S\000y\000n\000t\000h\000e\000t\000i\000c\000\040\000B\000e\000n\000c\000h\000m\000a\000r\000k\000s}{section.164}% 79
\BOOKMARK [2][-]{subsection.177}{\376\377\000R\000e\000a\000l\000-\000w\000o\000r\000l\000d\000\040\000A\000p\000p\000l\000i\000c\000a\000t\000i\000o\000n\000s}{section.164}% 80
\BOOKMARK [3][-]{subsubsection.178}{\376\377\000D\000e\000s\000i\000g\000n\000i\000n\000g\000\040\000S\000e\000n\000s\000i\000t\000i\000v\000e\000\040\000S\000a\000m\000p\000l\000e\000s\000\040\000f\000o\000r\000\040\000D\000e\000t\000e\000c\000t\000i\000o\000n\000\040\000o\000f\000\040\000M\000o\000d\000e\000l\000\040\000T\000a\000m\000p\000e\000r\000i\000n\000g}{subsection.177}% 81
\BOOKMARK [3][-]{subsubsection.180}{\376\377\000U\000n\000k\000n\000o\000w\000n\000\040\000t\000a\000r\000g\000e\000t\000\040\000d\000o\000c\000u\000m\000e\000n\000t\000\040\000r\000e\000t\000r\000i\000e\000v\000a\000l}{subsection.177}% 82
\BOOKMARK [3][-]{subsubsection.183}{\376\377\000O\000p\000t\000i\000m\000i\000z\000i\000n\000g\000\040\000c\000o\000n\000t\000r\000o\000l\000\040\000p\000a\000r\000a\000m\000e\000t\000e\000r\000s\000\040\000f\000o\000r\000\040\000r\000o\000b\000o\000t\000\040\000p\000u\000s\000h\000i\000n\000g}{subsection.177}% 83
\BOOKMARK [1][-]{section.185}{\376\377\000C\000o\000n\000c\000l\000u\000s\000i\000o\000n}{chapter.143}% 84
\BOOKMARK [0][-]{chapter.186}{\376\377\000B\000l\000a\000c\000k\000-\000b\000o\000x\000\040\000O\000p\000t\000i\000m\000i\000z\000a\000t\000i\000o\000n\000\040\000w\000i\000t\000h\000\040\000U\000n\000k\000n\000o\000w\000n\000\040\000C\000o\000n\000s\000t\000r\000a\000i\000n\000t\000s\000\040\000v\000i\000a\000\040\000O\000v\000e\000r\000p\000a\000r\000a\000m\000e\000t\000e\000r\000i\000z\000e\000d\000\040\000D\000e\000e\000p\000\040\000N\000e\000u\000r\000a\000l\000\040\000N\000e\000t\000w\000o\000r\000k\000s}{}% 85
\BOOKMARK [1][-]{section.187}{\376\377\000P\000r\000o\000b\000l\000e\000m\000\040\000S\000e\000t\000t\000i\000n\000g}{chapter.186}% 86
\BOOKMARK [1][-]{section.188}{\376\377\000P\000r\000o\000p\000o\000s\000e\000d\000\040\000N\000e\000u\000r\000a\000l\000-\000C\000B\000O\000\040\000M\000e\000t\000h\000o\000d}{chapter.186}% 87
\BOOKMARK [2][-]{subsection.189}{\376\377\000T\000h\000e\000\040\000D\000e\000e\000p\000\040\000N\000e\000u\000r\000a\000l\000\040\000N\000e\000t\000w\000o\000r\000k\000\040\000f\000o\000r\000\040\000a\000n\000\040\000A\000r\000b\000i\000t\000r\000a\000r\000y\000\040\000F\000u\000n\000c\000t\000i\000o\000n\000\040\000f\000a}{section.188}% 88
\BOOKMARK [2][-]{subsection.207}{\376\377\000N\000e\000u\000r\000a\000l\000-\000C\000B\000O\000\040\000A\000l\000g\000o\000r\000i\000t\000h\000m}{section.188}% 89
\BOOKMARK [1][-]{section.210}{\376\377\000T\000h\000e\000o\000r\000e\000t\000i\000c\000a\000l\000\040\000A\000n\000a\000l\000y\000s\000i\000s}{chapter.186}% 90
\BOOKMARK [2][-]{subsection.213}{\376\377\000D\000e\000t\000a\000i\000l\000e\000d\000\040\000A\000s\000s\000u\000m\000p\000t\000i\000o\000n\000s\000\040\000f\000o\000r\000\040\000O\000b\000j\000e\000c\000t\000i\000v\000e\000\040\000F\000u\000n\000c\000t\000i\000o\000n\000\040\000a\000n\000d\000\040\000C\000o\000n\000s\000t\000r\000a\000i\000n\000t\000s}{section.210}% 91
\BOOKMARK [1][-]{section.218}{\376\377\000E\000x\000p\000e\000r\000i\000m\000e\000n\000t\000s}{chapter.186}% 92
\BOOKMARK [2][-]{subsection.219}{\376\377\000E\000x\000p\000e\000r\000i\000m\000e\000n\000t\000a\000l\000\040\000S\000e\000t\000u\000p}{section.218}% 93
\BOOKMARK [2][-]{subsection.221}{\376\377\000S\000y\000n\000t\000h\000e\000t\000i\000c\000\040\000B\000e\000n\000c\000h\000m\000a\000r\000k\000\040\000F\000u\000n\000c\000t\000i\000o\000n\000s}{section.218}% 94
\BOOKMARK [2][-]{subsection.225}{\376\377\000G\000a\000s\000\040\000T\000r\000a\000n\000s\000m\000i\000s\000s\000i\000o\000n\000\040\000C\000o\000m\000p\000r\000e\000s\000s\000o\000r\000\040\000D\000e\000s\000i\000g\000n}{section.218}% 95
\BOOKMARK [2][-]{subsection.226}{\376\377\000S\000p\000e\000e\000d\000\040\000R\000e\000d\000u\000c\000e\000r\000\040\000D\000e\000s\000i\000g\000n}{section.218}% 96
\BOOKMARK [2][-]{subsection.227}{\376\377\000D\000e\000s\000i\000g\000n\000i\000n\000g\000\040\000S\000e\000n\000s\000i\000t\000i\000v\000e\000\040\000S\000a\000m\000p\000l\000e\000s\000\040\000f\000o\000r\000\040\000M\000o\000d\000e\000l\000\040\000T\000a\000m\000p\000e\000r\000i\000n\000g\000\040\000D\000e\000t\000e\000c\000t\000i\000o\000n}{section.218}% 97
\BOOKMARK [1][-]{section.229}{\376\377\000C\000o\000n\000c\000l\000u\000s\000i\000o\000n}{chapter.186}% 98
\BOOKMARK [0][-]{chapter.230}{\376\377\000B\000l\000a\000c\000k\000-\000B\000o\000x\000\040\000O\000p\000t\000i\000m\000i\000z\000a\000t\000i\000o\000n\000\040\000A\000l\000g\000o\000r\000i\000t\000h\000m\000\040\000U\000s\000i\000n\000g\000\040\000P\000h\000y\000s\000i\000c\000s\000-\000I\000n\000f\000o\000r\000m\000e\000d\000\040\000N\000e\000u\000r\000a\000l\000\040\000N\000e\000t\000w\000o\000r\000k\000s}{}% 99
\BOOKMARK [1][-]{section.231}{\376\377\000P\000r\000o\000b\000l\000e\000m\000\040\000S\000e\000t\000t\000i\000n\000g}{chapter.230}% 100
\BOOKMARK [1][-]{section.236}{\376\377\000P\000r\000o\000p\000o\000s\000e\000d\000\040\000P\000I\000N\000N\000-\000B\000O\000\040\000M\000e\000t\000h\000o\000d}{chapter.230}% 101
\BOOKMARK [1][-]{section.239}{\376\377\000T\000h\000e\000o\000r\000e\000t\000i\000c\000a\000l\000\040\000A\000n\000a\000l\000y\000s\000i\000s}{chapter.230}% 102
\BOOKMARK [1][-]{section.264}{\376\377\000E\000x\000p\000e\000r\000i\000m\000e\000n\000t\000s}{chapter.230}% 103
\BOOKMARK [2][-]{subsection.265}{\376\377\000E\000x\000p\000e\000r\000i\000m\000e\000n\000t\000a\000l\000\040\000S\000e\000t\000u\000p}{section.264}% 104
\BOOKMARK [2][-]{subsection.266}{\376\377\000S\000y\000n\000t\000h\000e\000t\000i\000c\000\040\000B\000e\000n\000c\000h\000m\000a\000r\000k\000\040\000F\000u\000n\000c\000t\000i\000o\000n\000s}{section.264}% 105
\BOOKMARK [2][-]{subsection.268}{\376\377\000R\000e\000a\000l\000-\000w\000o\000r\000l\000d\000\040\000A\000p\000p\000l\000i\000c\000a\000t\000i\000o\000n\000s}{section.264}% 106
\BOOKMARK [3][-]{subsubsection.269}{\376\377\000O\000p\000t\000i\000m\000i\000z\000i\000n\000g\000\040\000S\000t\000e\000a\000d\000y\000-\000S\000t\000a\000t\000e\000\040\000T\000e\000m\000p\000e\000r\000a\000t\000u\000r\000e}{subsection.268}% 107
\BOOKMARK [3][-]{subsubsection.275}{\376\377\000O\000p\000t\000i\000m\000i\000z\000i\000n\000g\000\040\000B\000e\000a\000m\000\040\000D\000i\000s\000p\000l\000a\000c\000e\000m\000e\000n\000t}{subsection.268}% 108
\BOOKMARK [1][-]{section.276}{\376\377\000C\000o\000n\000c\000l\000u\000s\000i\000o\000n}{chapter.230}% 109
\BOOKMARK [0][-]{chapter.278}{\376\377\000C\000o\000n\000c\000l\000u\000s\000i\000o\000n}{}% 110
\BOOKMARK [1][-]{section.279}{\376\377\000C\000o\000n\000t\000r\000i\000b\000u\000t\000i\000o\000n\000s}{chapter.278}% 111
\BOOKMARK [1][-]{section.280}{\376\377\000F\000u\000t\000u\000r\000e\000\040\000D\000i\000r\000e\000c\000t\000i\000o\000n\000s}{chapter.278}% 112
\BOOKMARK [0][-]{appendix.281}{\376\377\000S\000u\000p\000p\000l\000e\000m\000e\000n\000t\000a\000r\000y\000\040\000M\000a\000t\000e\000r\000i\000a\000l\000\040\000o\000f\000\040\000C\000h\000a\000p\000t\000e\000r\000\040\0003}{}% 113
\BOOKMARK [1][-]{section.282}{\376\377\000P\000r\000o\000o\000f\000\040\000o\000f\000\040\000T\000h\000e\000o\000r\000e\000t\000i\000c\000a\000l\000\040\000A\000n\000a\000l\000y\000s\000i\000s\000\040\000i\000n\000\040\000C\000h\000a\000p\000t\000e\000r\000\040\0003}{appendix.281}% 114
\BOOKMARK [2][-]{subsection.283}{\376\377\000M\000a\000i\000n\000\040\000l\000e\000m\000m\000a\000s}{section.282}% 115
\BOOKMARK [2][-]{subsection.306}{\376\377\000P\000r\000o\000o\000f\000\040\000o\000f\000\040\000T\000h\000e\000o\000r\000e\000m\000\040\0003\000.\0003\000.\0005}{section.282}% 116
\BOOKMARK [2][-]{subsection.307}{\376\377\000A\000u\000x\000i\000l\000i\000a\000r\000y\000\040\000L\000e\000m\000m\000a\000s}{section.282}% 117
\BOOKMARK [2][-]{subsection.320}{\376\377\000P\000r\000o\000o\000f\000\040\000o\000f\000\040\000A\000u\000x\000i\000l\000i\000a\000r\000y\000\040\000L\000e\000m\000m\000a\000s}{section.282}% 118
\BOOKMARK [3][-]{subsubsection.321}{\376\377\000P\000r\000o\000o\000f\000\040\000o\000f\000\040\000L\000e\000m\000m\000a\000\040\000A\000.\0001\000.\0003\000.\0002}{subsection.320}% 119
\BOOKMARK [3][-]{subsubsection.329}{\376\377\000P\000r\000o\000o\000f\000\040\000o\000f\000\040\000L\000e\000m\000m\000a\000\040\000A\000.\0001\000.\0003\000.\0003}{subsection.320}% 120
\BOOKMARK [3][-]{subsubsection.332}{\376\377\000P\000r\000o\000o\000f\000\040\000o\000f\000\040\000L\000e\000m\000m\000a\000\040\000A\000.\0001\000.\0003\000.\0004}{subsection.320}% 121
\BOOKMARK [3][-]{subsubsection.333}{\376\377\000P\000r\000o\000o\000f\000\040\000o\000f\000\040\000L\000e\000m\000m\000a\000\040\000A\000.\0001\000.\0003\000.\0006}{subsection.320}% 122
\BOOKMARK [0][-]{appendix.334}{\376\377\000S\000u\000p\000p\000l\000e\000m\000e\000n\000t\000a\000r\000y\000\040\000M\000a\000t\000e\000r\000i\000a\000l\000\040\000o\000f\000\040\000C\000h\000a\000p\000t\000e\000r\000\040\0004}{}% 123
\BOOKMARK [1][-]{section.335}{\376\377\000A\000d\000d\000i\000t\000i\000o\000n\000a\000l\000\040\000E\000x\000p\000e\000r\000i\000m\000e\000n\000t\000a\000l\000\040\000D\000e\000t\000a\000i\000l\000s}{appendix.334}% 124
\BOOKMARK [1][-]{section.340}{\376\377\000P\000r\000o\000o\000f\000\040\000o\000f\000\040\000T\000h\000e\000o\000r\000e\000t\000i\000c\000a\000l\000\040\000A\000n\000a\000l\000y\000s\000i\000s\000\040\000i\000n\000\040\000C\000h\000a\000p\000t\000e\000r\000\040\0004}{appendix.334}% 125
\BOOKMARK [2][-]{subsection.341}{\376\377\000P\000r\000o\000o\000f\000\040\000o\000f\000\040\000L\000e\000m\000m\000a\000\040\0004\000.\0002\000.\0005}{section.340}% 126
\BOOKMARK [2][-]{subsection.346}{\376\377\000P\000r\000o\000o\000f\000\040\000o\000f\000\040\000T\000h\000e\000o\000r\000e\000m\000\040\0004\000.\0003\000.\0002}{section.340}% 127
\BOOKMARK [2][-]{subsection.351}{\376\377\000A\000u\000x\000i\000l\000i\000a\000r\000y\000\040\000L\000e\000m\000m\000a\000s}{section.340}% 128
\BOOKMARK [2][-]{subsection.376}{\376\377\000P\000r\000o\000o\000f\000\040\000o\000f\000\040\000A\000u\000x\000i\000l\000i\000a\000r\000y\000\040\000L\000e\000m\000m\000a\000s}{section.340}% 129
\BOOKMARK [3][-]{subsubsection.377}{\376\377\000P\000r\000o\000o\000f\000\040\000o\000f\000\040\000L\000e\000m\000m\000a\000\040\000B\000.\0002\000.\0003\000.\0005}{subsection.376}% 130
\BOOKMARK [3][-]{subsubsection.378}{\376\377\000P\000r\000o\000o\000f\000\040\000o\000f\000\040\000L\000e\000m\000m\000a\000\040\000B\000.\0002\000.\0003\000.\0008}{subsection.376}% 131
\BOOKMARK [3][-]{subsubsection.379}{\376\377\000P\000r\000o\000o\000f\000\040\000o\000f\000\040\000L\000e\000m\000m\000a\000\040\000B\000.\0002\000.\0003\000.\0009}{subsection.376}% 132
\BOOKMARK [3][-]{subsubsection.380}{\376\377\000P\000r\000o\000o\000f\000\040\000o\000f\000\040\000L\000e\000m\000m\000a\000\040\000B\000.\0002\000.\0003\000.\0001\0001}{subsection.376}% 133
\BOOKMARK [0][-]{appendix.381}{\376\377\000S\000u\000p\000p\000l\000e\000m\000e\000n\000t\000a\000r\000y\000\040\000M\000a\000t\000e\000r\000i\000a\000l\000\040\000o\000f\000\040\000C\000h\000a\000p\000t\000e\000r\000\040\0005}{}% 134
\BOOKMARK [1][-]{section.382}{\376\377\000A\000d\000d\000i\000t\000i\000o\000n\000a\000l\000\040\000E\000x\000p\000e\000r\000i\000m\000e\000n\000t\000a\000l\000\040\000D\000e\000t\000a\000i\000l\000s}{appendix.381}% 135
\BOOKMARK [1][-]{section.388}{\376\377\000P\000r\000o\000o\000f\000\040\000o\000f\000\040\000T\000h\000e\000o\000r\000e\000t\000i\000c\000a\000l\000\040\000A\000n\000a\000l\000y\000s\000i\000s\000\040\000i\000n\000\040\000C\000h\000a\000p\000t\000e\000r\000\040\0005}{appendix.381}% 136
\BOOKMARK [2][-]{subsection.389}{\376\377\000P\000r\000o\000o\000f\000\040\000o\000f\000\040\000L\000e\000m\000m\000a\000\040\0005\000.\0003\000.\0004}{section.388}% 137
\BOOKMARK [2][-]{subsection.394}{\376\377\000P\000r\000o\000o\000f\000\040\000o\000f\000\040\000L\000e\000m\000m\000a\000\040\0005\000.\0003\000.\0006}{section.388}% 138
\BOOKMARK [2][-]{subsection.405}{\376\377\000P\000r\000o\000o\000f\000\040\000o\000f\000\040\000L\000e\000m\000m\000a\000\040\0005\000.\0003\000.\0008}{section.388}% 139
\BOOKMARK [2][-]{subsection.412}{\376\377\000P\000r\000o\000o\000f\000\040\000o\000f\000\040\000T\000h\000e\000o\000r\000e\000m\000\040\0005\000.\0003\000.\0001\0001}{section.388}% 140
\BOOKMARK [2][-]{subsection.415}{\376\377\000A\000u\000x\000i\000l\000i\000a\000r\000y\000\040\000L\000e\000m\000m\000a\000s}{section.388}% 141
\BOOKMARK [2][-]{subsection.438}{\376\377\000P\000r\000o\000o\000f\000\040\000o\000f\000\040\000A\000u\000x\000i\000l\000i\000a\000r\000y\000\040\000L\000e\000m\000m\000a\000s}{section.388}% 142
\BOOKMARK [3][-]{subsubsection.439}{\376\377\000P\000r\000o\000o\000f\000\040\000o\000f\000\040\000C\000o\000r\000o\000l\000l\000a\000r\000y\000\040\000C\000.\0002\000.\0005\000.\0002}{subsection.438}% 143
\BOOKMARK [3][-]{subsubsection.440}{\376\377\000P\000r\000o\000o\000f\000\040\000o\000f\000\040\000L\000e\000m\000m\000a\000\040\000C\000.\0002\000.\0005\000.\0003}{subsection.438}% 144
\BOOKMARK [3][-]{subsubsection.445}{\376\377\000P\000r\000o\000o\000f\000\040\000o\000f\000\040\000C\000o\000r\000o\000l\000l\000a\000r\000y\000\040\000C\000.\0002\000.\0005\000.\0004}{subsection.438}% 145
\BOOKMARK [3][-]{subsubsection.446}{\376\377\000P\000r\000o\000o\000f\000\040\000o\000f\000\040\000L\000e\000m\000m\000a\000\040\000C\000.\0002\000.\0005\000.\0007}{subsection.438}% 146
\BOOKMARK [3][-]{subsubsection.447}{\376\377\000P\000r\000o\000o\000f\000\040\000o\000f\000\040\000L\000e\000m\000m\000a\000\040\000C\000.\0002\000.\0005\000.\0008}{subsection.438}% 147
\BOOKMARK [0][-]{appendix*.450}{\376\377\000B\000i\000b\000l\000i\000o\000g\000r\000a\000p\000h\000y}{}% 148
\BOOKMARK [0][-]{section*.452}{\376\377\000C\000o\000p\000y\000r\000i\000g\000h\000t\000s\000\040\000o\000f\000\040\000P\000u\000b\000l\000i\000s\000h\000e\000d\000\040\000P\000a\000p\000e\000r\000s}{}% 149
